<?xml version='1.0' encoding='UTF-8'?>
  <feed version="1" publishDate="2022-06-22 22:43:08 UTC">
    <job>
      <id>432f7a28-c259-40dc-8753-127045513434</id>
      <url>
      https://careers.danone.com/en-global/jobs/praktikant-im-bereich-digital-online-marketing-m-w-d-228150-de-de
      </url>
      <company>BITNOISE 1</company>
      <title>KOLEJNY UPDATE UPDATEX2123 NOWE 1</title>
      <fullDescription>&lt;p&gt; TEST jobsharing &lt;/p&gt;&lt;ul&gt;&lt;li&gt;TEST 1&lt;/li&gt; &lt;li&gt;TEST2&lt;/li&gt; &lt;li&gt;TEST4&lt;/li&gt;&lt;/ul&gt; TANDEM_OFFER</fullDescription>
      <locations>
      
      </locations>
      <publishDate>2023-12-31T17:37:21.310Z</publishDate>
      <referenceId>105814</referenceId>
      <workingTimes>
      <item>TEMPORARY</item><item>FULLTIME</item><item>PARTTIME</item>
      </workingTimes>
      <industry>Public Relations and Communications</industry>
      <media>
        <logo></logo>
      </media>
      <source>central</source>
      <partnerDisplayName>Central</partnerDisplayName>
      <contact>
        <person>bb</person>
        <email>vernon.mohr@tattered-perch.info</email>
        <phone></phone>
        <fax></fax>
        <city>Dothan</city>
        <address>Emmerich Extension</address>
        <zip></zip>
      </contact>
      <duplicated_job/>
    </job>
    <job>
      <id>c78c1ed2-6998-4973-9271-25e8fdcaa5cf</id>
      <url>
      https://careers.danone.com/en-global/jobs/praktikant-im-bereich-digital-online-marketing-m-w-d-228150-de-de
      </url>
      <company>BITNOISE 1</company>
      <title>KOLEJNY UPDATE UPDATEX2123 NOWE 2</title>
      <fullDescription>&lt;p&gt; TEST job sharing job_sharing &lt;/p&gt;&lt;ul&gt;&lt;li&gt;TEST 1&lt;/li&gt; &lt;li&gt;TEST2&lt;/li&gt; &lt;li&gt;TEST4&lt;/li&gt;&lt;/ul&gt; TANDEM_OFFER </fullDescription>
      <locations>
      
      </locations>
      <publishDate>2024-01-07T05:35:26.290Z</publishDate>
      <referenceId>371388</referenceId>
      <workingTimes>
      <item>FULLTIME</item><item>TEMPORARY</item>
      </workingTimes>
      <industry>Business Supplies and Equipment</industry>
      <media>
        <logo>https://cdn.vox-cdn.com/thumbor/0pAzN6LdawcEO1pxZXy-78_VgVU=/7x0:633x417/1400x1050/filters:focal(7x0:633x417):format(jpeg)/cdn.vox-cdn.com/assets/1311169/mslogo.jpg</logo>
      </media>
      <source>hyundai</source>
      <partnerDisplayName>Hyundai</partnerDisplayName>
      <contact>
        <person>Dianna Douglas</person>
        <email>dianna.douglas@suspicious-lobotomy.biz</email>
        <phone>1-920-735-5868 x082</phone>
        <fax>(519) 438-6270</fax>
        <city></city>
        <address></address>
        <zip>94885</zip>
      </contact>
      <duplicated_job/>
    </job>
	    <job>
      <id>c78c1ed2-1111-1234-5678-44e8fdcaa5cf</id>
      <url>
      https://careers.danone.com/en-global/jobs/praktikant-im-bereich-digital-online-marketing-m-w-d-228150-de-de
      </url>
      <company>BITNOISE 1</company>
      <title>KOLEJNY UPDATE UPDATEX2123 NOWE 3</title>
      <fullDescription>&lt;p&gt; TEST jobsharing &lt;/p&gt;&lt;ul&gt;&lt;li&gt;TEST 1&lt;/li&gt; &lt;li&gt;TEST2&lt;/li&gt; &lt;li&gt;TEST4&lt;/li&gt;&lt;/ul&gt; TANDEM_OFFER </fullDescription>
      <locations>
      
      </locations>
      <publishDate>2024-01-07T05:35:26.290Z</publishDate>
      <referenceId>371388</referenceId>
      <workingTimes>
      <item>FULLTIME</item><item>TEMPORARY</item>
      </workingTimes>
      <industry>Business Supplies and Equipment</industry>
      <media>
        <logo>https://cdn.vox-cdn.com/thumbor/0pAzN6LdawcEO1pxZXy-78_VgVU=/7x0:633x417/1400x1050/filters:focal(7x0:633x417):format(jpeg)/cdn.vox-cdn.com/assets/1311169/mslogo.jpg</logo>
      </media>
      <source>hyundai</source>
      <partnerDisplayName>Hyundai</partnerDisplayName>
      <contact>
        <person>Dianna Douglas</person>
        <email>dianna.douglas@suspicious-lobotomy.biz</email>
        <phone>1-920-735-5868 x082</phone>
        <fax>(519) 438-6270</fax>
        <city></city>
        <address></address>
        <zip>94885</zip>
      </contact>
      <duplicated_job/>
    </job>
		    <job>
      <id>t50t1yx2-6998-4973-9271-2475e8fdaaa5cf</id>
      <url>
      https://careers.danone.com/en-global/jobs/praktikant-im-bereich-digital-online-marketing-m-w-d-228150-de-de
      </url>
      <company>BITNOISE 2</company>
      <title>KOLEJNY UPDATE UPDATEX2123 NOWE 4</title>
      <fullDescription>&lt;p&gt; TEST jobsharing &lt;/p&gt;&lt;ul&gt;&lt;li&gt;TEST 1&lt;/li&gt; &lt;li&gt;TEST2&lt;/li&gt; &lt;li&gt;TEST4&lt;/li&gt;&lt;/ul&gt; TANDEM_OFFER </fullDescription>
      <locations>
      
      </locations>
      <publishDate>2024-01-07T05:35:26.290Z</publishDate>
      <referenceId>371388</referenceId>
      <workingTimes>
      <item>FULLTIME</item><item>TEMPORARY</item>
      </workingTimes>
      <industry>Business Supplies and Equipment</industry>
      <media>
        <logo>https://cdn.vox-cdn.com/thumbor/0pAzN6LdawcEO1pxZXy-78_VgVU=/7x0:633x417/1400x1050/filters:focal(7x0:633x417):format(jpeg)/cdn.vox-cdn.com/assets/1311169/mslogo.jpg</logo>
      </media>
      <source>hyundai</source>
      <partnerDisplayName>Hyundai</partnerDisplayName>
      <contact>
        <person>Dianna Douglas</person>
        <email>dianna.douglas@suspicious-lobotomy.biz</email>
        <phone>1-920-735-5868 x082</phone>
        <fax>(519) 438-6270</fax>
        <city></city>
        <address></address>
        <zip>94885</zip>
      </contact>
      <duplicated_job/>
    </job>
	 <job>
      <id>t10t2yp2-0923-9328-1234-9854e8fdaaa5cf</id>
      <url>
      https://careers.danone.com/en-global/jobs/praktikant-im-bereich-digital-online-marketing-m-w-d-228150-de-de
      </url>
      <company>BITNOISE 3</company>
      <title>KOLEJNY UPDATE UPDATEX2123 1234566789 NOWA OFERTA  </title>
      <fullDescription>&lt;p&gt; TEST jobsharing &lt;/p&gt;&lt;ul&gt;&lt;li&gt;TEST 1&lt;/li&gt; &lt;li&gt;TEST2&lt;/li&gt; &lt;li&gt;TEST4&lt;/li&gt;&lt;/ul&gt; TANDEM_OFFER </fullDescription>
      <locations>
      
      </locations>
      <publishDate>2024-01-07T05:35:26.290Z</publishDate>
      <referenceId>371388</referenceId>
      <workingTimes>
      <item>FULLTIME</item><item>TEMPORARY</item>
      </workingTimes>
      <industry>Business Supplies and Equipment</industry>
      <media>
        <logo>https://cdn.vox-cdn.com/thumbor/0pAzN6LdawcEO1pxZXy-78_VgVU=/7x0:633x417/1400x1050/filters:focal(7x0:633x417):format(jpeg)/cdn.vox-cdn.com/assets/1311169/mslogo.jpg</logo>
      </media>
      <source>hyundai</source>
      <partnerDisplayName>Hyundai</partnerDisplayName>
      <contact>
        <person>Dianna Douglas</person>
        <email>dianna.douglas@suspicious-lobotomy.biz</email>
        <phone>1-920-735-5868 x082</phone>
        <fax>(519) 438-6270</fax>
        <city></city>
        <address></address>
        <zip>94885</zip>
      </contact>
      <duplicated_job/>
    </job>
	 <job>
      <id>t56t5yp2-9312-3444-8888-1223e8fdaaa5cf</id>
      <url>
      https://careers.danone.com/en-global/jobs/praktikant-im-bereich-digital-online-marketing-m-w-d-228150-de-de
      </url>
      <company>BITNOISE 3</company>
      <title>KOLEJNY UPDATE UPDATEX2123 BITNOISE   </title>
      <fullDescription>&lt;p&gt; TEST jobsharing &lt;/p&gt;&lt;ul&gt;&lt;li&gt;TEST 1&lt;/li&gt; &lt;li&gt;TEST2&lt;/li&gt; &lt;li&gt;TEST4&lt;/li&gt;&lt;/ul&gt; TANDEM_OFFER </fullDescription>
      <locations>
      
      </locations>
      <publishDate>2024-01-07T05:35:26.290Z</publishDate>
      <referenceId>371388</referenceId>
      <workingTimes>
      <item>FULLTIME</item><item>TEMPORARY</item>
      </workingTimes>
      <industry>Business Supplies and Equipment</industry>
      <media>
        <logo>https://cdn.vox-cdn.com/thumbor/0pAzN6LdawcEO1pxZXy-78_VgVU=/7x0:633x417/1400x1050/filters:focal(7x0:633x417):format(jpeg)/cdn.vox-cdn.com/assets/1311169/mslogo.jpg</logo>
      </media>
      <source>hyundai</source>
      <partnerDisplayName>Hyundai</partnerDisplayName>
      <contact>
        <person>Dianna Douglas</person>
        <email>dianna.douglas@suspicious-lobotomy.biz</email>
        <phone>1-920-735-5868 x082</phone>
        <fax>(519) 438-6270</fax>
        <city></city>
        <address></address>
        <zip>94885</zip>
      </contact>
      <duplicated_job/>
    </job>
		 <job>
      <id>t56t5yp2-1222-5555-6666-3333e8fdaaa5cf</id>
      <url>
      https://careers.danone.com/en-global/jobs/praktikant-im-bereich-digital-online-marketing-m-w-d-228150-de-de
      </url>
      <company>BITNOISE 4</company>
      <title>NOWA OFERTA DLA NOEWJ COMAPNY BITNOISE 4   </title>
      <fullDescription>&lt;p&gt; TEST jobsharing &lt;/p&gt;&lt;ul&gt;&lt;li&gt;TEST 1&lt;/li&gt; &lt;li&gt;TEST2&lt;/li&gt; &lt;li&gt;TEST4&lt;/li&gt;&lt;/ul&gt; TANDEM_OFFER </fullDescription>
      <locations>
      
      </locations>
      <publishDate>2024-01-07T05:35:26.290Z</publishDate>
      <referenceId>371388</referenceId>
      <workingTimes>
      <item>FULLTIME</item><item>TEMPORARY</item>
      </workingTimes>
      <industry>Business Supplies and Equipment</industry>
      <media>
        <logo>https://cdn.vox-cdn.com/thumbor/0pAzN6LdawcEO1pxZXy-78_VgVU=/7x0:633x417/1400x1050/filters:focal(7x0:633x417):format(jpeg)/cdn.vox-cdn.com/assets/1311169/mslogo.jpg</logo>
      </media>
      <source>hyundai</source>
      <partnerDisplayName>Hyundai</partnerDisplayName>
      <contact>
        <person>Dianna Douglas</person>
        <email>dianna.douglas@suspicious-lobotomy.biz</email>
        <phone>1-920-735-5868 x082</phone>
        <fax>(519) 438-6270</fax>
        <city></city>
        <address></address>
        <zip>94885</zip>
      </contact>
      <duplicated_job/>
    </job>
   </feed>