<?xml version='1.0' encoding='UTF-8'?>
  <feed version="1" publishDate="2022-06-22 22:43:08 UTC">

   </feed>